<?xml version="1.0" encoding="UTF-8"?>
<testng-results ignored="0" total="1" passed="1" failed="0" skipped="0">
  <reporter-output>
  </reporter-output>
  <suite started-at="2024-01-22T16:06:51 IST" name="Default suite" finished-at="2024-01-22T16:07:02 IST" duration-ms="11080">
    <groups>
    </groups>
    <test started-at="2024-01-22T16:06:51 IST" name="Default test" finished-at="2024-01-22T16:07:02 IST" duration-ms="11080">
      <class name="test.LoginTest">
        <test-method is-config="true" signature="beforeTest(java.lang.String)[pri:0, instance:test.LoginTest@6c80d78a]" started-at="2024-01-22T16:06:51 IST" name="beforeTest" finished-at="2024-01-22T16:07:00 IST" duration-ms="8682" status="PASS">
          <params>
            <param index="0">
              <value>
                <![CDATA[chrome]]>
              </value>
            </param>
          </params>
          <reporter-output>
          </reporter-output>
        </test-method> <!-- beforeTest -->
        <test-method signature="verify(java.lang.String,java.lang.String)[pri:0, instance:test.LoginTest@6c80d78a]" started-at="2024-01-22T16:07:00 IST" name="verify" data-provider="dp" finished-at="2024-01-22T16:07:02 IST" duration-ms="1800" status="PASS">
          <params>
            <param index="0">
              <value>
                <![CDATA[password]]>
              </value>
            </param>
            <param index="1">
              <value>
                <![CDATA[12345678]]>
              </value>
            </param>
          </params>
          <reporter-output>
          </reporter-output>
        </test-method> <!-- verify -->
        <test-method is-config="true" signature="afterMethod(org.testng.ITestResult)[pri:0, instance:test.LoginTest@6c80d78a]" started-at="2024-01-22T16:07:02 IST" name="afterMethod" finished-at="2024-01-22T16:07:02 IST" duration-ms="0" status="PASS">
          <params>
            <param index="0">
              <value>
                <![CDATA[[TestResult name=verify status=SUCCESS method=LoginTest.verify(java.lang.String,java.lang.String)[pri:0, instance:test.LoginTest@6c80d78a] output={null}]]]>
              </value>
            </param>
          </params>
          <reporter-output>
          </reporter-output>
        </test-method> <!-- afterMethod -->
      </class> <!-- test.LoginTest -->
    </test> <!-- Default test -->
  </suite> <!-- Default suite -->
</testng-results>
